  [1m[35m (148.6ms)[0m  [1m[35mCREATE DATABASE "task_tracker_development" ENCODING = 'unicode'[0m
  [1m[35m (198.2ms)[0m  [1m[35mCREATE DATABASE "analytics_development" ENCODING = 'unicode'[0m
  [1m[35m (304.6ms)[0m  [1m[35mCREATE DATABASE "task_tracker_test" ENCODING = 'unicode'[0m
  [1m[35m (246.4ms)[0m  [1m[35mCREATE DATABASE "analytics_test" ENCODING = 'unicode'[0m
  [1m[35m (208.2ms)[0m  [1m[35mCREATE DATABASE "analytics_development" ENCODING = 'unicode'[0m
  [1m[35m (178.2ms)[0m  [1m[35mCREATE DATABASE "analytics_test" ENCODING = 'unicode'[0m
  [1m[35m (243.0ms)[0m  [1m[35mCREATE DATABASE "task_tracker_development" ENCODING = 'unicode'[0m
  [1m[35m (108.7ms)[0m  [1m[35mCREATE DATABASE "task_tracker_test" ENCODING = 'unicode'[0m
  [1m[35m (13.6ms)[0m  [1m[35mCREATE TABLE "schema_migrations" ("version" character varying NOT NULL PRIMARY KEY)[0m
  [1m[35m (11.5ms)[0m  [1m[35mCREATE TABLE "ar_internal_metadata" ("key" character varying NOT NULL PRIMARY KEY, "value" character varying, "created_at" timestamp(6) NOT NULL, "updated_at" timestamp(6) NOT NULL)[0m
  [1m[35m (0.8ms)[0m  [1m[34mSELECT pg_try_advisory_lock(7870287281451616875)[0m
  [1m[36mActiveRecord::SchemaMigration Pluck (3.7ms)[0m  [1m[34mSELECT "schema_migrations"."version" FROM "schema_migrations" ORDER BY "schema_migrations"."version" ASC[0m
  [1m[36mActiveRecord::InternalMetadata Load (0.8ms)[0m  [1m[34mSELECT "ar_internal_metadata".* FROM "ar_internal_metadata" WHERE "ar_internal_metadata"."key" = $1 LIMIT $2[0m  [["key", "environment"], ["LIMIT", 1]]
  [1m[36mTRANSACTION (0.3ms)[0m  [1m[35mBEGIN[0m
  [1m[36mActiveRecord::InternalMetadata Create (0.8ms)[0m  [1m[32mINSERT INTO "ar_internal_metadata" ("key", "value", "created_at", "updated_at") VALUES ($1, $2, $3, $4) RETURNING "key"[0m  [["key", "environment"], ["value", "development"], ["created_at", "2023-08-18 23:39:11.985330"], ["updated_at", "2023-08-18 23:39:11.985330"]]
  [1m[36mTRANSACTION (2.4ms)[0m  [1m[35mCOMMIT[0m
  [1m[35m (1.6ms)[0m  [1m[34mSELECT pg_advisory_unlock(7870287281451616875)[0m
  [1m[36mActiveRecord::SchemaMigration Pluck (2.9ms)[0m  [1m[34mSELECT "schema_migrations"."version" FROM "schema_migrations" ORDER BY "schema_migrations"."version" ASC[0m
  [1m[35m (17.3ms)[0m  [1m[35mCREATE TABLE "schema_migrations" ("version" character varying NOT NULL PRIMARY KEY)[0m
  [1m[35m (9.7ms)[0m  [1m[35mCREATE TABLE "ar_internal_metadata" ("key" character varying NOT NULL PRIMARY KEY, "value" character varying, "created_at" timestamp(6) NOT NULL, "updated_at" timestamp(6) NOT NULL)[0m
  [1m[35m (0.7ms)[0m  [1m[34mSELECT pg_try_advisory_lock(5708495977441435920)[0m
  [1m[36mActiveRecord::SchemaMigration Pluck (13.8ms)[0m  [1m[34mSELECT "schema_migrations"."version" FROM "schema_migrations" ORDER BY "schema_migrations"."version" ASC[0m
  [1m[36mActiveRecord::InternalMetadata Load (0.9ms)[0m  [1m[34mSELECT "ar_internal_metadata".* FROM "ar_internal_metadata" WHERE "ar_internal_metadata"."key" = $1 LIMIT $2[0m  [["key", "environment"], ["LIMIT", 1]]
  [1m[36mTRANSACTION (1.7ms)[0m  [1m[35mBEGIN[0m
  [1m[36mActiveRecord::InternalMetadata Create (7.4ms)[0m  [1m[32mINSERT INTO "ar_internal_metadata" ("key", "value", "created_at", "updated_at") VALUES ($1, $2, $3, $4) RETURNING "key"[0m  [["key", "environment"], ["value", "development"], ["created_at", "2023-08-18 23:39:13.442292"], ["updated_at", "2023-08-18 23:39:13.442292"]]
  [1m[36mTRANSACTION (3.5ms)[0m  [1m[35mCOMMIT[0m
  [1m[35m (5.4ms)[0m  [1m[34mSELECT pg_advisory_unlock(5708495977441435920)[0m
  [1m[36mActiveRecord::SchemaMigration Pluck (10.6ms)[0m  [1m[34mSELECT "schema_migrations"."version" FROM "schema_migrations" ORDER BY "schema_migrations"."version" ASC[0m
  [1m[36mActiveRecord::SchemaMigration Pluck (8.1ms)[0m  [1m[34mSELECT "schema_migrations"."version" FROM "schema_migrations" ORDER BY "schema_migrations"."version" ASC[0m
  [1m[36mActiveRecord::SchemaMigration Pluck (2.5ms)[0m  [1m[34mSELECT "schema_migrations"."version" FROM "schema_migrations" ORDER BY "schema_migrations"."version" ASC[0m
